<?xml version="1.0" encoding="UTF-8"?>
<!-- Generated by org.testng.reporters.JUnitReportReporter -->
<testsuite hostname="VMUC1C5070120"
	name="acceptancetests.runner.TestRunner" tests="3" failures="0"
	timestamp="30 Jul 2018 09:43:01 GMT" time="41.896" errors="0">
	<testcase name="runScenario" time="14.549"
		classname="acceptancetests.runner.TestRunner" />
	<testcase name="runScenario" time="15.829"
		classname="acceptancetests.runner.TestRunner" />
	<testcase name="runScenario" time="11.518"
		classname="acceptancetests.runner.TestRunner" />
</testsuite> <!-- acceptancetests.runner.TestRunner -->
